<?xml version="1.0" encoding="UTF-8"?>
<coverage generated="1723053919968" clover="3.2.0">
  <project timestamp="1723053919968" name="All files">
    <metrics statements="12" coveredstatements="12" conditionals="2" coveredconditionals="2" methods="9" coveredmethods="9" elements="23" coveredelements="23" complexity="0" loc="12" ncloc="12" packages="1" files="3" classes="3"/>
    <file name="character.js" path="C:\Users\Denis\Desktop\курсики\arraybuffer1\src\character.js">
      <metrics statements="10" coveredstatements="10" conditionals="2" coveredconditionals="2" methods="7" coveredmethods="7"/>
      <line num="3" count="6" type="stmt"/>
      <line num="7" count="2" type="stmt"/>
      <line num="11" count="2" type="stmt"/>
      <line num="12" count="2" type="cond" truecount="2" falsecount="0"/>
      <line num="13" count="1" type="stmt"/>
      <line num="15" count="2" type="stmt"/>
      <line num="19" count="1" type="stmt"/>
      <line num="23" count="1" type="stmt"/>
      <line num="27" count="2" type="stmt"/>
      <line num="31" count="2" type="stmt"/>
    </file>
    <file name="daemon.js" path="C:\Users\Denis\Desktop\курсики\arraybuffer1\src\daemon.js">
      <metrics statements="1" coveredstatements="1" conditionals="0" coveredconditionals="0" methods="1" coveredmethods="1"/>
      <line num="5" count="1" type="stmt"/>
    </file>
    <file name="magician.js" path="C:\Users\Denis\Desktop\курсики\arraybuffer1\src\magician.js">
      <metrics statements="1" coveredstatements="1" conditionals="0" coveredconditionals="0" methods="1" coveredmethods="1"/>
      <line num="5" count="1" type="stmt"/>
    </file>
  </project>
</coverage>
